Array
(
    [admin_product] => Array
        (
            [_token] => aPyCqqP6eYgE0HXIi2n0pjCx0j4ZXo_DIt3ZAQUX5C8
            [name] => ディナーフォーク
            [images] => Array
                (
                    [0] => fork-1.jpg
                    [1] => fork-2.jpg
                    [2] => fork-3.jpg
                )

            [description_detail] => セットで揃えたいディナー用のカトラリー。
定番の銀製は、シルバー特有の美しい輝きと柔らかな曲線が特徴です。適度な重みと日本人の手に合いやすいサイズ感で長く愛用いただけます。
最高級プラチナフォークは、贈り物としても人気です。
            [description_list] => 
            [Category] => Array
                (
                    [0] => 1
                    [1] => 3
                    [2] => 5
                    [3] => 6
                )

            [search_word] => 
            [free_area] => 
            [admin_plg_expand_product_columns_value] => Array
                (
                    [0] => Array
                        (
                            [value-1] => testaa
                        )

                    [2] => Array
                        (
                            [value-3] => value1
                        )

                )

            [Status] => 1
            [note] => 
        )

    [rank_images] => Array
        (
            [0] => fork-1.jpg//1
            [1] => fork-2.jpg//2
            [2] => fork-3.jpg//3
        )

    [ex_admin_product] => Array
        (
            [add_images] => Array
                (
                    [undefined] => 0921100151_59c30f7fb56cf.jpg
                )

        )

    [admin_product_admin_plg_expand_product_columns_value_1_value-2rank_images] => Array
        (
            [0] => 0921100151_59c30f7fb56cf.jpg//1
        )

    [ex_product_images] => Array
        (
            [value-2] => Array
                (
                    [undefined] => 0921100151_59c30f7fb56cf.jpg
                )

        )

)
Array
(
    [admin_product] => Array
        (
            [_token] => aPyCqqP6eYgE0HXIi2n0pjCx0j4ZXo_DIt3ZAQUX5C8
            [name] => ディナーフォーク
            [images] => Array
                (
                    [0] => fork-1.jpg
                    [1] => fork-2.jpg
                    [2] => fork-3.jpg
                )

            [description_detail] => セットで揃えたいディナー用のカトラリー。
定番の銀製は、シルバー特有の美しい輝きと柔らかな曲線が特徴です。適度な重みと日本人の手に合いやすいサイズ感で長く愛用いただけます。
最高級プラチナフォークは、贈り物としても人気です。
            [description_list] => 
            [Category] => Array
                (
                    [0] => 1
                    [1] => 3
                    [2] => 5
                    [3] => 6
                )

            [search_word] => 
            [free_area] => 
            [admin_plg_expand_product_columns_value] => Array
                (
                    [0] => Array
                        (
                            [value-1] => testaa
                        )

                    [2] => Array
                        (
                            [value-3] => value1
                        )

                )

            [Status] => 1
            [note] => 
        )

    [rank_images] => Array
        (
            [0] => fork-1.jpg//1
            [1] => fork-2.jpg//2
            [2] => fork-3.jpg//3
        )

    [ex_product_del_images] => Array
        (
            [value-2] => Array
                (
                    [0] => 0921100151_59c30f7fb56cf.jpg
                )

        )

)
Array
(
    [admin_product] => Array
        (
            [_token] => aPyCqqP6eYgE0HXIi2n0pjCx0j4ZXo_DIt3ZAQUX5C8
            [name] => ディナーフォーク
            [images] => Array
                (
                    [0] => fork-1.jpg
                    [1] => fork-2.jpg
                    [2] => fork-3.jpg
                )

            [description_detail] => セットで揃えたいディナー用のカトラリー。
定番の銀製は、シルバー特有の美しい輝きと柔らかな曲線が特徴です。適度な重みと日本人の手に合いやすいサイズ感で長く愛用いただけます。
最高級プラチナフォークは、贈り物としても人気です。
            [description_list] => 
            [Category] => Array
                (
                    [0] => 1
                    [1] => 3
                    [2] => 5
                    [3] => 6
                )

            [search_word] => 
            [free_area] => 
            [admin_plg_expand_product_columns_value] => Array
                (
                    [0] => Array
                        (
                            [value-1] => testaa
                        )

                    [2] => Array
                        (
                            [value-3] => value1
                        )

                )

            [Status] => 1
            [note] => 
        )

    [rank_images] => Array
        (
            [0] => fork-1.jpg//1
            [1] => fork-2.jpg//2
            [2] => fork-3.jpg//3
        )

    [ex_admin_product] => Array
        (
            [add_images] => Array
                (
                    [undefined] => 0921100542_59c310667691e.jpg
                    [NaN] => 0921100545_59c310692e4b3.jpg
                )

        )

    [admin_product_admin_plg_expand_product_columns_value_1_value-2rank_images] => Array
        (
            [0] => 0921100542_59c310667691e.jpg//1
            [1] => 0921100542_59c31066d4c07.jpg//2
            [2] => 0921100543_59c310674af8a.jpg//3
            [3] => 0921100543_59c31067c9ef8.jpg//4
            [4] => 0921100544_59c31068be76d.jpg//5
            [5] => 0921100545_59c310692e4b3.jpg//6
        )

    [ex_product_images] => Array
        (
            [value-2] => Array
                (
                    [undefined] => 0921100542_59c310667691e.jpg
                    [NaN] => 0921100545_59c310692e4b3.jpg
                )

        )

)
Array
(
    [admin_product] => Array
        (
            [_token] => aPyCqqP6eYgE0HXIi2n0pjCx0j4ZXo_DIt3ZAQUX5C8
            [name] => ディナーフォーク
            [images] => Array
                (
                    [0] => fork-1.jpg
                    [1] => fork-2.jpg
                    [2] => fork-3.jpg
                )

            [description_detail] => セットで揃えたいディナー用のカトラリー。
定番の銀製は、シルバー特有の美しい輝きと柔らかな曲線が特徴です。適度な重みと日本人の手に合いやすいサイズ感で長く愛用いただけます。
最高級プラチナフォークは、贈り物としても人気です。
            [description_list] => 
            [Category] => Array
                (
                    [0] => 1
                    [1] => 3
                    [2] => 5
                    [3] => 6
                )

            [search_word] => 
            [free_area] => 
            [admin_plg_expand_product_columns_value] => Array
                (
                    [0] => Array
                        (
                            [value-1] => testaa
                        )

                    [2] => Array
                        (
                            [value-3] => value1
                        )

                )

            [Status] => 1
            [note] => 
        )

    [rank_images] => Array
        (
            [0] => fork-1.jpg//1
            [1] => fork-2.jpg//2
            [2] => fork-3.jpg//3
        )

    [ex_product_del_images] => Array
        (
            [value-2] => Array
                (
                    [0] => 0921100542_59c310667691e.jpg
                    [1] => 0921100545_59c310692e4b3.jpg
                )

        )

)
Array
(
    [admin_product] => Array
        (
            [_token] => aPyCqqP6eYgE0HXIi2n0pjCx0j4ZXo_DIt3ZAQUX5C8
            [name] => ディナーフォーク
            [images] => Array
                (
                    [0] => fork-1.jpg
                    [1] => fork-2.jpg
                    [2] => fork-3.jpg
                )

            [description_detail] => セットで揃えたいディナー用のカトラリー。
定番の銀製は、シルバー特有の美しい輝きと柔らかな曲線が特徴です。適度な重みと日本人の手に合いやすいサイズ感で長く愛用いただけます。
最高級プラチナフォークは、贈り物としても人気です。
            [description_list] => 
            [Category] => Array
                (
                    [0] => 1
                    [1] => 3
                    [2] => 5
                    [3] => 6
                )

            [search_word] => 
            [free_area] => 
            [admin_plg_expand_product_columns_value] => Array
                (
                    [0] => Array
                        (
                            [value-1] => testaa
                        )

                    [2] => Array
                        (
                            [value-3] => value1
                        )

                )

            [Status] => 1
            [note] => 
        )

    [rank_images] => Array
        (
            [0] => fork-1.jpg//1
            [1] => fork-2.jpg//2
            [2] => fork-3.jpg//3
        )

    [ex_admin_product] => Array
        (
            [add_images] => Array
                (
                    [undefined] => 0921100746_59c310e2edcd2.jpg
                    [NaN] => 0921100750_59c310e62efbb.jpg
                )

        )

    [admin_product_admin_plg_expand_product_columns_value_1_value-2rank_images] => Array
        (
            [0] => 0921100746_59c310e2edcd2.jpg//1
            [1] => 0921100750_59c310e62efbb.jpg//2
        )

    [ex_product_images] => Array
        (
            [value-2] => Array
                (
                    [undefined] => 0921100746_59c310e2edcd2.jpg
                    [NaN] => 0921100750_59c310e62efbb.jpg
                )

        )

)
Array
(
    [admin_product] => Array
        (
            [_token] => aPyCqqP6eYgE0HXIi2n0pjCx0j4ZXo_DIt3ZAQUX5C8
            [name] => ディナーフォーク
            [images] => Array
                (
                    [0] => fork-1.jpg
                    [1] => fork-2.jpg
                    [2] => fork-3.jpg
                )

            [description_detail] => セットで揃えたいディナー用のカトラリー。
定番の銀製は、シルバー特有の美しい輝きと柔らかな曲線が特徴です。適度な重みと日本人の手に合いやすいサイズ感で長く愛用いただけます。
最高級プラチナフォークは、贈り物としても人気です。
            [description_list] => 
            [Category] => Array
                (
                    [0] => 1
                    [1] => 3
                    [2] => 5
                    [3] => 6
                )

            [search_word] => 
            [free_area] => 
            [admin_plg_expand_product_columns_value] => Array
                (
                    [0] => Array
                        (
                            [value-1] => testaa
                        )

                    [2] => Array
                        (
                            [value-3] => value1
                        )

                )

            [Status] => 1
            [note] => 
        )

    [rank_images] => Array
        (
            [0] => fork-1.jpg//1
            [1] => fork-2.jpg//2
            [2] => fork-3.jpg//3
        )

    [ex_product_del_images] => Array
        (
            [value-2] => Array
                (
                    [0] => 0921100746_59c310e2edcd2.jpg
                    [1] => 0921100750_59c310e62efbb.jpg
                )

        )

)
Array
(
    [admin_product] => Array
        (
            [_token] => aPyCqqP6eYgE0HXIi2n0pjCx0j4ZXo_DIt3ZAQUX5C8
            [name] => ディナーフォーク
            [images] => Array
                (
                    [0] => fork-1.jpg
                    [1] => fork-2.jpg
                    [2] => fork-3.jpg
                )

            [description_detail] => セットで揃えたいディナー用のカトラリー。
定番の銀製は、シルバー特有の美しい輝きと柔らかな曲線が特徴です。適度な重みと日本人の手に合いやすいサイズ感で長く愛用いただけます。
最高級プラチナフォークは、贈り物としても人気です。
            [description_list] => 
            [Category] => Array
                (
                    [0] => 1
                    [1] => 3
                    [2] => 5
                    [3] => 6
                )

            [search_word] => 
            [free_area] => 
            [admin_plg_expand_product_columns_value] => Array
                (
                    [0] => Array
                        (
                            [value-1] => testaa
                        )

                    [2] => Array
                        (
                            [value-3] => value1
                        )

                )

            [Status] => 1
            [note] => 
        )

    [rank_images] => Array
        (
            [0] => fork-1.jpg//1
            [1] => fork-2.jpg//2
            [2] => fork-3.jpg//3
        )

    [ex_admin_product] => Array
        (
            [add_images] => Array
                (
                    [undefined] => 0921101056_59c311a02fd5d.png
                    [NaN] => 0921101056_59c311a086e5d.png
                )

        )

    [admin_product_admin_plg_expand_product_columns_value_1_value-2rank_images] => Array
        (
            [0] => 0921101056_59c311a02fd5d.png//1
            [1] => 0921101056_59c311a086e5d.png//2
        )

    [ex_product_images] => Array
        (
            [value-2] => Array
                (
                    [undefined] => 0921101056_59c311a02fd5d.png
                    [NaN] => 0921101056_59c311a086e5d.png
                )

        )

)
Array
(
    [admin_product] => Array
        (
            [_token] => aPyCqqP6eYgE0HXIi2n0pjCx0j4ZXo_DIt3ZAQUX5C8
            [name] => ディナーフォーク
            [images] => Array
                (
                    [0] => fork-1.jpg
                    [1] => fork-2.jpg
                    [2] => fork-3.jpg
                )

            [description_detail] => セットで揃えたいディナー用のカトラリー。
定番の銀製は、シルバー特有の美しい輝きと柔らかな曲線が特徴です。適度な重みと日本人の手に合いやすいサイズ感で長く愛用いただけます。
最高級プラチナフォークは、贈り物としても人気です。
            [description_list] => 
            [Category] => Array
                (
                    [0] => 1
                    [1] => 3
                    [2] => 5
                    [3] => 6
                )

            [search_word] => 
            [free_area] => 
            [admin_plg_expand_product_columns_value] => Array
                (
                    [0] => Array
                        (
                            [value-1] => testaa
                        )

                    [2] => Array
                        (
                            [value-3] => value1
                        )

                )

            [Status] => 1
            [note] => 
        )

    [rank_images] => Array
        (
            [0] => fork-1.jpg//1
            [1] => fork-2.jpg//2
            [2] => fork-3.jpg//3
        )

    [ex_product_del_images] => Array
        (
            [value-2] => Array
                (
                    [0] => 0921101056_59c311a02fd5d.png
                    [1] => 0921101056_59c311a086e5d.png
                )

        )

)
Array
(
    [admin_product] => Array
        (
            [_token] => aPyCqqP6eYgE0HXIi2n0pjCx0j4ZXo_DIt3ZAQUX5C8
            [name] => ディナーフォーク
            [images] => Array
                (
                    [0] => fork-1.jpg
                    [1] => fork-2.jpg
                    [2] => fork-3.jpg
                )

            [description_detail] => セットで揃えたいディナー用のカトラリー。
定番の銀製は、シルバー特有の美しい輝きと柔らかな曲線が特徴です。適度な重みと日本人の手に合いやすいサイズ感で長く愛用いただけます。
最高級プラチナフォークは、贈り物としても人気です。
            [description_list] => 
            [Category] => Array
                (
                    [0] => 1
                    [1] => 3
                    [2] => 5
                    [3] => 6
                )

            [search_word] => 
            [free_area] => 
            [admin_plg_expand_product_columns_value] => Array
                (
                    [0] => Array
                        (
                            [value-1] => testaa
                        )

                    [2] => Array
                        (
                            [value-3] => value1
                        )

                )

            [Status] => 1
            [note] => 
        )

    [rank_images] => Array
        (
            [0] => fork-1.jpg//1
            [1] => fork-2.jpg//2
            [2] => fork-3.jpg//3
        )

    [ex_admin_product] => Array
        (
            [add_images] => Array
                (
                    [undefined] => 0921102902_59c315decd24d.png
                    [1] => 0921102915_59c315eb602d2.png
                    [2] => 0921102933_59c315fd3581b.png
                    [3] => 0921102933_59c315fdb6549.png
                )

        )

    [admin_product_admin_plg_expand_product_columns_value_1_value-2rank_images] => Array
        (
            [0] => 0921102902_59c315decd24d.png//1
            [1] => 0921102915_59c315eb602d2.png//2
            [2] => 0921102933_59c315fd3581b.png//3
            [3] => 0921102933_59c315fdb6549.png//4
        )

    [ex_product_images] => Array
        (
            [value-2] => Array
                (
                    [undefined] => 0921102902_59c315decd24d.png
                    [1] => 0921102915_59c315eb602d2.png
                    [2] => 0921102933_59c315fd3581b.png
                    [3] => 0921102933_59c315fdb6549.png
                )

        )

)
Array
(
    [admin_product] => Array
        (
            [_token] => aPyCqqP6eYgE0HXIi2n0pjCx0j4ZXo_DIt3ZAQUX5C8
            [name] => ディナーフォーク
            [images] => Array
                (
                    [0] => fork-1.jpg
                    [1] => fork-2.jpg
                    [2] => fork-3.jpg
                )

            [description_detail] => セットで揃えたいディナー用のカトラリー。
定番の銀製は、シルバー特有の美しい輝きと柔らかな曲線が特徴です。適度な重みと日本人の手に合いやすいサイズ感で長く愛用いただけます。
最高級プラチナフォークは、贈り物としても人気です。
            [description_list] => 
            [Category] => Array
                (
                    [0] => 1
                    [1] => 3
                    [2] => 5
                    [3] => 6
                )

            [search_word] => 
            [free_area] => 
            [admin_plg_expand_product_columns_value] => Array
                (
                    [0] => Array
                        (
                            [value-1] => testaa
                        )

                    [2] => Array
                        (
                            [value-3] => value1
                        )

                )

            [Status] => 1
            [note] => 
        )

    [rank_images] => Array
        (
            [0] => fork-1.jpg//1
            [1] => fork-2.jpg//2
            [2] => fork-3.jpg//3
        )

    [ex_product_del_images] => Array
        (
            [value-2] => Array
                (
                    [0] => 0921102902_59c315decd24d.png
                    [1] => 0921102915_59c315eb602d2.png
                    [2] => 0921102933_59c315fd3581b.png
                    [3] => 0921102933_59c315fdb6549.png
                )

        )

)
Array
(
    [admin_product] => Array
        (
            [_token] => aPyCqqP6eYgE0HXIi2n0pjCx0j4ZXo_DIt3ZAQUX5C8
            [name] => ディナーフォーク
            [images] => Array
                (
                    [0] => fork-1.jpg
                    [1] => fork-2.jpg
                    [2] => fork-3.jpg
                )

            [description_detail] => セットで揃えたいディナー用のカトラリー。
定番の銀製は、シルバー特有の美しい輝きと柔らかな曲線が特徴です。適度な重みと日本人の手に合いやすいサイズ感で長く愛用いただけます。
最高級プラチナフォークは、贈り物としても人気です。
            [description_list] => 
            [Category] => Array
                (
                    [0] => 1
                    [1] => 3
                    [2] => 5
                    [3] => 6
                )

            [search_word] => 
            [free_area] => 
            [admin_plg_expand_product_columns_value] => Array
                (
                    [0] => Array
                        (
                            [value-1] => testaa
                        )

                    [2] => Array
                        (
                            [value-3] => value1
                        )

                )

            [Status] => 1
            [note] => 
        )

    [rank_images] => Array
        (
            [0] => fork-1.jpg//1
            [1] => fork-2.jpg//2
            [2] => fork-3.jpg//3
        )

    [ex_admin_product] => Array
        (
            [add_images] => Array
                (
                    [1] => 0921103931_59c3185356fa5.jpg
                    [2] => 0921103931_59c31853c0d9b.jpg
                    [3] => 0921103932_59c318542d747.jpg
                    [4] => 0921103932_59c3185486d95.jpg
                    [5] => 0921103932_59c31854dd201.jpg
                    [6] => 0921103933_59c31855dcf57.jpg
                )

        )

    [admin_product_admin_plg_expand_product_columns_value_1_value-2rank_images] => Array
        (
            [0] => 0921103931_59c3185356fa5.jpg//1
            [1] => 0921103931_59c31853c0d9b.jpg//2
            [2] => 0921103932_59c318542d747.jpg//3
            [3] => 0921103932_59c3185486d95.jpg//4
            [4] => 0921103932_59c31854dd201.jpg//5
            [5] => 0921103933_59c31855dcf57.jpg//6
        )

    [ex_product_images] => Array
        (
            [value-2] => Array
                (
                    [1] => 0921103931_59c3185356fa5.jpg
                    [2] => 0921103931_59c31853c0d9b.jpg
                    [3] => 0921103932_59c318542d747.jpg
                    [4] => 0921103932_59c3185486d95.jpg
                    [5] => 0921103932_59c31854dd201.jpg
                    [6] => 0921103933_59c31855dcf57.jpg
                )

        )

)
